# JRE version: OpenJDK Runtime Environment (8.0_275-b01) (build 1.8.0_275-b01)
# Java VM: OpenJDK 64-Bit Server VM (25.275-b01 mixed mode windows-amd64 compressed oops)
Heap:
 PSYoungGen      total 126464K, used 77343K [0x00000000f5580000, 0x00000000ff980000, 0x0000000100000000)
  eden space 88064K, 77% used [0x00000000f5580000,0x00000000f981fca8,0x00000000fab80000)
  from space 38400K, 23% used [0x00000000fd400000,0x00000000fdce8118,0x00000000ff980000)
  to   space 39936K, 0% used [0x00000000fab80000,0x00000000fab80000,0x00000000fd280000)
 ParOldGen       total 292864K, used 107596K [0x00000000e0000000, 0x00000000f1e00000, 0x00000000f5580000)
  object space 292864K, 36% used [0x00000000e0000000,0x00000000e69132d8,0x00000000f1e00000)
 Metaspace       used 101522K, capacity 108484K, committed 108824K, reserved 1142784K
  class space    used 13434K, capacity 14783K, committed 14872K, reserved 1048576K
GC Heap History (10 events):
Event: 3353.754 GC heap before
{Heap before GC invocations=42 (full 4):
 PSYoungGen      total 115200K, used 67686K [0x00000000f5580000, 0x00000000ffc00000, 0x0000000100000000)
  eden space 62464K, 100% used [0x00000000f5580000,0x00000000f9280000,0x00000000f9280000)
  from space 52736K, 9% used [0x00000000f9280000,0x00000000f9799850,0x00000000fc600000)
  to   space 51200K, 0% used [0x00000000fca00000,0x00000000fca00000,0x00000000ffc00000)
 ParOldGen       total 292864K, used 94370K [0x00000000e0000000, 0x00000000f1e00000, 0x00000000f5580000)
  object space 292864K, 32% used [0x00000000e0000000,0x00000000e5c28b20,0x00000000f1e00000)
 Metaspace       used 99012K, capacity 105804K, committed 106008K, reserved 1140736K
  class space    used 13148K, capacity 14495K, committed 14616K, reserved 1048576K
Event: 3353.780 GC heap after
Heap after GC invocations=42 (full 4):
 PSYoungGen      total 117248K, used 14376K [0x00000000f5580000, 0x00000000ff780000, 0x0000000100000000)
  eden space 70656K, 0% used [0x00000000f5580000,0x00000000f5580000,0x00000000f9a80000)
  from space 46592K, 30% used [0x00000000fca00000,0x00000000fd80a1f0,0x00000000ff780000)
  to   space 47616K, 0% used [0x00000000f9a80000,0x00000000f9a80000,0x00000000fc900000)
 ParOldGen       total 292864K, used 97882K [0x00000000e0000000, 0x00000000f1e00000, 0x00000000f5580000)
  object space 292864K, 33% used [0x00000000e0000000,0x00000000e5f96ba0,0x00000000f1e00000)
 Metaspace       used 99012K, capacity 105804K, committed 106008K, reserved 1140736K
  class space    used 13148K, capacity 14495K, committed 14616K, reserved 1048576K
}
Event: 3354.974 GC heap before
{Heap before GC invocations=43 (full 4):
 PSYoungGen      total 117248K, used 85032K [0x00000000f5580000, 0x00000000ff780000, 0x0000000100000000)
  eden space 70656K, 100% used [0x00000000f5580000,0x00000000f9a80000,0x00000000f9a80000)
  from space 46592K, 30% used [0x00000000fca00000,0x00000000fd80a1f0,0x00000000ff780000)
  to   space 47616K, 0% used [0x00000000f9a80000,0x00000000f9a80000,0x00000000fc900000)
 ParOldGen       total 292864K, used 97882K [0x00000000e0000000, 0x00000000f1e00000, 0x00000000f5580000)
  object space 292864K, 33% used [0x00000000e0000000,0x00000000e5f96ba0,0x00000000f1e00000)
 Metaspace       used 99231K, capacity 106070K, committed 106264K, reserved 1140736K
  class space    used 13149K, capacity 14496K, committed 14616K, reserved 1048576K
Event: 3354.986 GC heap after
Heap after GC invocations=43 (full 4):
 PSYoungGen      total 118272K, used 11447K [0x00000000f5580000, 0x00000000ffd00000, 0x0000000100000000)
  eden space 70656K, 0% used [0x00000000f5580000,0x00000000f5580000,0x00000000f9a80000)
  from space 47616K, 24% used [0x00000000f9a80000,0x00000000fa5ade88,0x00000000fc900000)
  to   space 45568K, 0% used [0x00000000fd080000,0x00000000fd080000,0x00000000ffd00000)
 ParOldGen       total 292864K, used 102765K [0x00000000e0000000, 0x00000000f1e00000, 0x00000000f5580000)
  object space 292864K, 35% used [0x00000000e0000000,0x00000000e645b5a8,0x00000000f1e00000)
 Metaspace       used 99231K, capacity 106070K, committed 106264K, reserved 1140736K
  class space    used 13149K, capacity 14496K, committed 14616K, reserved 1048576K
}
Event: 3356.754 GC heap before
{Heap before GC invocations=44 (full 4):
 PSYoungGen      total 118272K, used 82103K [0x00000000f5580000, 0x00000000ffd00000, 0x0000000100000000)
  eden space 70656K, 100% used [0x00000000f5580000,0x00000000f9a80000,0x00000000f9a80000)
  from space 47616K, 24% used [0x00000000f9a80000,0x00000000fa5ade88,0x00000000fc900000)
  to   space 45568K, 0% used [0x00000000fd080000,0x00000000fd080000,0x00000000ffd00000)
 ParOldGen       total 292864K, used 102765K [0x00000000e0000000, 0x00000000f1e00000, 0x00000000f5580000)
  object space 292864K, 35% used [0x00000000e0000000,0x00000000e645b5a8,0x00000000f1e00000)
 Metaspace       used 99475K, capacity 106366K, committed 106520K, reserved 1140736K
  class space    used 13159K, capacity 14514K, committed 14616K, reserved 1048576K
Event: 3356.765 GC heap after
Heap after GC invocations=44 (full 4):
 PSYoungGen      total 121856K, used 4753K [0x00000000f5580000, 0x00000000ffa00000, 0x0000000100000000)
  eden space 79360K, 0% used [0x00000000f5580000,0x00000000f5580000,0x00000000fa300000)
  from space 42496K, 11% used [0x00000000fd080000,0x00000000fd524498,0x00000000ffa00000)
  to   space 44544K, 0% used [0x00000000fa300000,0x00000000fa300000,0x00000000fce80000)
 ParOldGen       total 292864K, used 107404K [0x00000000e0000000, 0x00000000f1e00000, 0x00000000f5580000)
  object space 292864K, 36% used [0x00000000e0000000,0x00000000e68e32d8,0x00000000f1e00000)
 Metaspace       used 99475K, capacity 106366K, committed 106520K, reserved 1140736K
  class space    used 13159K, capacity 14514K, committed 14616K, reserved 1048576K
}
Event: 3357.467 GC heap before
{Heap before GC invocations=45 (full 4):
 PSYoungGen      total 121856K, used 84113K [0x00000000f5580000, 0x00000000ffa00000, 0x0000000100000000)
  eden space 79360K, 100% used [0x00000000f5580000,0x00000000fa300000,0x00000000fa300000)
  from space 42496K, 11% used [0x00000000fd080000,0x00000000fd524498,0x00000000ffa00000)
  to   space 44544K, 0% used [0x00000000fa300000,0x00000000fa300000,0x00000000fce80000)
 ParOldGen       total 292864K, used 107404K [0x00000000e0000000, 0x00000000f1e00000, 0x00000000f5580000)
  object space 292864K, 36% used [0x00000000e0000000,0x00000000e68e32d8,0x00000000f1e00000)
 Metaspace       used 99758K, capacity 106584K, committed 106776K, reserved 1140736K
  class space    used 13174K, capacity 14517K, committed 14616K, reserved 1048576K
Event: 3357.481 GC heap after
Heap after GC invocations=45 (full 4):
 PSYoungGen      total 123904K, used 11450K [0x00000000f5580000, 0x00000000ffd00000, 0x0000000100000000)
  eden space 79360K, 0% used [0x00000000f5580000,0x00000000f5580000,0x00000000fa300000)
  from space 44544K, 25% used [0x00000000fa300000,0x00000000fae2ea68,0x00000000fce80000)
  to   space 41984K, 0% used [0x00000000fd400000,0x00000000fd400000,0x00000000ffd00000)
 ParOldGen       total 292864K, used 107404K [0x00000000e0000000, 0x00000000f1e00000, 0x00000000f5580000)
  object space 292864K, 36% used [0x00000000e0000000,0x00000000e68e32d8,0x00000000f1e00000)
 Metaspace       used 99758K, capacity 106584K, committed 106776K, reserved 1140736K
  class space    used 13174K, capacity 14517K, committed 14616K, reserved 1048576K
}
Event: 3358.024 GC heap before
{Heap before GC invocations=46 (full 4):
 PSYoungGen      total 123904K, used 90810K [0x00000000f5580000, 0x00000000ffd00000, 0x0000000100000000)
  eden space 79360K, 100% used [0x00000000f5580000,0x00000000fa300000,0x00000000fa300000)
  from space 44544K, 25% used [0x00000000fa300000,0x00000000fae2ea68,0x00000000fce80000)
  to   space 41984K, 0% used [0x00000000fd400000,0x00000000fd400000,0x00000000ffd00000)
 ParOldGen       total 292864K, used 107404K [0x00000000e0000000, 0x00000000f1e00000, 0x00000000f5580000)
  object space 292864K, 36% used [0x00000000e0000000,0x00000000e68e32d8,0x00000000f1e00000)
 Metaspace       used 100312K, capacity 107182K, committed 107416K, reserved 1142784K
  class space    used 13245K, capacity 14584K, committed 14744K, reserved 1048576K
Event: 3358.037 GC heap after
Heap after GC invocations=46 (full 4):
 PSYoungGen      total 126464K, used 9120K [0x00000000f5580000, 0x00000000ff980000, 0x0000000100000000)
  eden space 88064K, 0% used [0x00000000f5580000,0x00000000f5580000,0x00000000fab80000)
  from space 38400K, 23% used [0x00000000fd400000,0x00000000fdce8118,0x00000000ff980000)
  to   space 39936K, 0% used [0x00000000fab80000,0x00000000fab80000,0x00000000fd280000)
 ParOldGen       total 292864K, used 107596K [0x00000000e0000000, 0x00000000f1e00000, 0x00000000f5580000)
  object space 292864K, 36% used [0x00000000e0000000,0x00000000e69132d8,0x00000000f1e00000)
 Metaspace       used 100312K, capacity 107182K, committed 107416K, reserved 1142784K
  class space    used 13245K, capacity 14584K, committed 14744K, reserved 1048576K
}

